[LOG] Loading User Create...
[LOG] User Created.
[LOG] Loading User Create...
[LOG] Username already taken.
[LOG] Loading User Create...
[LOG] Loading User Login...
[LOG] Login Failed.
[LOG] Loading User Login...
[LOG] Login Failed.
[LOG] Loading User Login...
[LOG] Login Failed.
[LOG] Loading User Login...
[LOG] Loading User Create...
[LOG] Username already taken.
[LOG] Loading User Create...
[LOG] User Created.
[LOG] Loading User Login...
[LOG] Login Successful.
[LOG] Welcome 1 || User 2
[LOG] User Panel
